2026-07-18 11:56:31,701 [INFO] Starting scrape: quotes_static
2026-07-18 11:56:33,701 [INFO] Fetched (200) <GET https://quotes.toscrape.com/> (referer: https://www.google.com/)
2026-07-18 11:56:34,931 [INFO] Fetched (200) <GET https://quotes.toscrape.com/page/2/> (referer: https://www.google.com/)
2026-07-18 11:56:36,448 [INFO] Fetched (200) <GET https://quotes.toscrape.com/page/3/> (referer: https://www.google.com/)
2026-07-18 11:56:36,576 [INFO] Finished quotes_static: 0 items in 4.9s
2026-07-18 11:56:36,577 [INFO] Starting scrape: books_dynamic
2026-07-18 11:56:42,046 [INFO] Fetched (200) <GET https://books.toscrape.com/> (referer: https://www.google.com/)
2026-07-18 11:56:47,561 [INFO] Fetched (200) <GET https://books.toscrape.com/catalogue/page-2.html> (referer: https://www.google.com/)
2026-07-18 11:56:52,635 [INFO] Fetched (200) <GET https://books.toscrape.com/catalogue/page-3.html> (referer: https://www.google.com/)
2026-07-18 11:56:53,194 [INFO] Finished books_dynamic: 0 items in 16.6s
2026-07-18 11:56:53,195 [INFO] Starting scrape: magicbricks
2026-07-18 11:56:58,833 [INFO] Fetched (200) <GET https://www.magicbricks.com/flats-in-sector-134-noida-for-sale-pppfs> (referer: https://www.google.com/)
2026-07-18 11:56:59,647 [INFO] Finished magicbricks: 1 items in 6.4s
2026-07-18 11:56:59,648 [INFO] Starting scrape: 99acres
2026-07-18 11:57:11,849 [INFO] Fetched (200) <GET https://www.99acres.com/property-in-sector-134-noida-ffid> (referer: https://www.google.com/)
2026-07-18 11:57:12,928 [INFO] Finished 99acres: 0 items in 13.3s
2026-07-18 11:57:12,928 [INFO] Starting scrape: squareyards
2026-07-18 11:57:21,797 [INFO] Fetched (200) <GET https://www.squareyards.com/sale/property-for-sale-in-noida> (referer: https://www.google.com/)
2026-07-18 11:57:22,562 [INFO] Finished squareyards: 5 items in 9.6s
2026-07-18 11:57:22,562 [INFO] Starting scrape: makaan
2026-07-18 11:57:24,231 [INFO] Fetched (200) <GET https://housing.com/> (referer: https://www.google.com/)
2026-07-18 11:57:24,433 [INFO] Finished makaan: 3 items in 1.9s
