2026-07-23 13:40:43,499 [INFO] Starting scrape: quotes_static
2026-07-23 13:40:45,661 [INFO] Fetched (200) <GET https://quotes.toscrape.com/> (referer: https://www.google.com/)
2026-07-23 13:40:46,707 [INFO] Fetched (200) <GET https://quotes.toscrape.com/page/2/> (referer: https://www.google.com/)
2026-07-23 13:40:48,176 [INFO] Fetched (200) <GET https://quotes.toscrape.com/page/3/> (referer: https://www.google.com/)
2026-07-23 13:40:48,239 [INFO] Finished quotes_static: 0 items in 4.7s
2026-07-23 13:40:48,239 [INFO] Starting scrape: books_dynamic
2026-07-23 13:40:57,344 [INFO] Fetched (200) <GET https://books.toscrape.com/> (referer: https://www.google.com/)
2026-07-23 13:41:06,687 [INFO] Fetched (200) <GET https://books.toscrape.com/catalogue/page-2.html> (referer: https://www.google.com/)
2026-07-23 13:41:14,598 [INFO] Fetched (200) <GET https://books.toscrape.com/catalogue/page-3.html> (referer: https://www.google.com/)
2026-07-23 13:41:15,720 [INFO] Finished books_dynamic: 0 items in 27.5s
2026-07-23 13:41:15,720 [INFO] Starting scrape: magicbricks
2026-07-23 13:41:29,563 [INFO] Fetched (200) <GET https://www.magicbricks.com/flats-in-sector-134-noida-for-sale-pppfs> (referer: https://www.google.com/)
2026-07-23 13:41:31,277 [INFO] Finished magicbricks: 3 items in 15.5s
2026-07-23 13:41:31,277 [INFO] Starting scrape: 99acres
2026-07-23 13:42:29,087 [INFO] Fetched (200) <GET https://www.99acres.com/property-in-sector-134-noida-ffid> (referer: https://www.google.com/)
2026-07-23 13:42:33,775 [INFO] Finished 99acres: 2 items in 62.5s
2026-07-23 13:42:33,775 [INFO] Starting scrape: squareyards
2026-07-23 13:43:04,163 [INFO] Fetched (200) <GET https://www.squareyards.com/sale/property-for-sale-in-noida> (referer: https://www.google.com/)
2026-07-23 13:43:05,305 [INFO] Finished squareyards: 10 items in 31.5s
2026-07-23 13:43:05,306 [INFO] Starting scrape: olx
2026-07-23 13:44:05,269 [INFO] Fetched (200) <GET https://www.olx.in/noida_g4059326/real-estate_c3> (referer: https://www.google.com/)
2026-07-23 13:46:14,082 [INFO] Finished olx: 35 items in 188.8s
2026-07-23 13:46:14,083 [INFO] Starting scrape: proptiger
2026-07-23 13:46:28,780 [INFO] Fetched (200) <GET https://www.proptiger.com/noida-real-estate> (referer: https://www.google.com/)
2026-07-23 13:46:40,033 [INFO] Finished proptiger: 0 items in 26.0s
