2026-07-18 16:43:01,777 [INFO] Starting scrape: quotes_static
2026-07-18 16:43:03,692 [INFO] Fetched (200) <GET https://quotes.toscrape.com/> (referer: https://www.google.com/)
2026-07-18 16:43:04,735 [INFO] Fetched (200) <GET https://quotes.toscrape.com/page/2/> (referer: https://www.google.com/)
2026-07-18 16:43:06,219 [INFO] Fetched (200) <GET https://quotes.toscrape.com/page/3/> (referer: https://www.google.com/)
2026-07-18 16:43:06,396 [INFO] Finished quotes_static: 30 items in 4.6s
2026-07-18 16:43:06,397 [INFO] Starting scrape: books_dynamic
2026-07-18 16:43:15,078 [INFO] Fetched (200) <GET https://books.toscrape.com/> (referer: https://www.google.com/)
2026-07-18 16:43:20,877 [WARNING] Attempt 1 failed: Page.goto: net::ERR_NAME_NOT_RESOLVED at https://books.toscrape.com/catalogue/page-2.html
Call log:
  - navigating to "https://books.toscrape.com/catalogue/page-2.html", waiting until "load"
. Retrying in 1s...
2026-07-18 16:43:22,321 [WARNING] Attempt 2 failed: Page.goto: net::ERR_NAME_NOT_RESOLVED at https://books.toscrape.com/catalogue/page-2.html
Call log:
  - navigating to "https://books.toscrape.com/catalogue/page-2.html", waiting until "load"
. Retrying in 1s...
2026-07-18 16:43:23,968 [ERROR] Failed after 3 attempts: Page.goto: net::ERR_NAME_NOT_RESOLVED at https://books.toscrape.com/catalogue/page-2.html
Call log:
  - navigating to "https://books.toscrape.com/catalogue/page-2.html", waiting until "load"

2026-07-18 16:43:36,715 [INFO] Fetched (200) <GET https://books.toscrape.com/catalogue/page-2.html> (referer: https://www.google.com/)
2026-07-18 16:43:48,005 [INFO] Fetched (200) <GET https://books.toscrape.com/catalogue/page-3.html> (referer: https://www.google.com/)
2026-07-18 16:43:49,443 [INFO] Finished books_dynamic: 60 items in 43.0s
2026-07-18 16:43:49,443 [INFO] Starting scrape: magicbricks
2026-07-18 16:44:00,814 [INFO] Fetched (200) <GET https://www.magicbricks.com/flats-in-sector-134-noida-for-sale-pppfs> (referer: https://www.google.com/)
2026-07-18 16:44:05,892 [INFO] Finished magicbricks: 0 items in 16.4s
2026-07-18 16:44:05,893 [INFO] Starting scrape: 99acres
2026-07-18 16:44:37,239 [INFO] Fetched (200) <GET https://www.99acres.com/property-in-sector-134-noida-ffid> (referer: https://www.google.com/)
2026-07-18 16:44:39,274 [INFO] Finished 99acres: 0 items in 33.4s
2026-07-18 16:44:39,275 [INFO] Starting scrape: squareyards
2026-07-18 16:44:54,559 [INFO] Fetched (200) <GET https://www.squareyards.com/sale/property-for-sale-in-noida> (referer: https://www.google.com/)
2026-07-18 16:44:56,462 [INFO] Finished squareyards: 9 items in 17.2s
2026-07-18 16:44:56,463 [INFO] Starting scrape: olx
2026-07-18 16:45:25,422 [INFO] Fetched (200) <GET https://www.olx.in/noida_g4059326/real-estate_c3> (referer: https://www.google.com/)
2026-07-18 16:45:30,289 [INFO] Finished olx: 30 items in 33.8s
2026-07-18 16:45:30,290 [INFO] Starting scrape: proptiger
2026-07-18 16:45:42,102 [INFO] Fetched (200) <GET https://www.proptiger.com/noida-real-estate> (referer: https://www.google.com/)
2026-07-18 16:45:44,622 [INFO] Finished proptiger: 28 items in 14.3s
